2025-04-09 12:15:54 DEBUG cache:45 - Couldn't find template in cache for "Extent.ftl"("en_US", UTF-8, parsed); will try to load it.
2025-04-09 12:15:54 DEBUG cache:45 - TemplateLoader.findTemplateSource("Extent_en_US.ftl"): Not found
2025-04-09 12:15:54 DEBUG cache:45 - TemplateLoader.findTemplateSource("Extent_en.ftl"): Not found
2025-04-09 12:15:54 DEBUG cache:45 - TemplateLoader.findTemplateSource("Extent.ftl"): Found
2025-04-09 12:15:54 DEBUG cache:45 - Loading template for "Extent.ftl"("en_US", UTF-8, parsed) from "jar:file:/C:/Users/vinay.mistry/.m2/repository/com/relevantcodes/extentreports/2.41.2/extentreports-2.41.2.jar!/com/relevantcodes/extentreports/view/Extent.ftl"
2025-04-09 12:15:55 DEBUG cache:45 - Couldn't find template in cache for "Extent.ftl"("en_US", UTF-8, parsed); will try to load it.
2025-04-09 12:15:55 DEBUG cache:45 - TemplateLoader.findTemplateSource("Extent_en_US.ftl"): Not found
2025-04-09 12:15:55 DEBUG cache:45 - TemplateLoader.findTemplateSource("Extent_en.ftl"): Not found
2025-04-09 12:15:55 DEBUG cache:45 - TemplateLoader.findTemplateSource("Extent.ftl"): Found
2025-04-09 12:15:55 DEBUG cache:45 - Loading template for "Extent.ftl"("en_US", UTF-8, parsed) from "jar:file:/C:/Users/vinay.mistry/.m2/repository/com/relevantcodes/extentreports/2.41.2/extentreports-2.41.2.jar!/com/relevantcodes/extentreports/view/Extent.ftl"
2025-04-09 12:26:11 DEBUG cache:45 - Couldn't find template in cache for "Extent.ftl"("en_US", UTF-8, parsed); will try to load it.
2025-04-09 12:26:11 DEBUG cache:45 - TemplateLoader.findTemplateSource("Extent_en_US.ftl"): Not found
2025-04-09 12:26:11 DEBUG cache:45 - TemplateLoader.findTemplateSource("Extent_en.ftl"): Not found
2025-04-09 12:26:11 DEBUG cache:45 - TemplateLoader.findTemplateSource("Extent.ftl"): Found
2025-04-09 12:26:11 DEBUG cache:45 - Loading template for "Extent.ftl"("en_US", UTF-8, parsed) from "jar:file:/C:/Users/vinay.mistry/.m2/repository/com/relevantcodes/extentreports/2.41.2/extentreports-2.41.2.jar!/com/relevantcodes/extentreports/view/Extent.ftl"
2025-04-09 12:26:11 DEBUG cache:45 - Couldn't find template in cache for "Extent.ftl"("en_US", UTF-8, parsed); will try to load it.
2025-04-09 12:26:11 DEBUG cache:45 - TemplateLoader.findTemplateSource("Extent_en_US.ftl"): Not found
2025-04-09 12:26:11 DEBUG cache:45 - TemplateLoader.findTemplateSource("Extent_en.ftl"): Not found
2025-04-09 12:26:11 DEBUG cache:45 - TemplateLoader.findTemplateSource("Extent.ftl"): Found
2025-04-09 12:26:11 DEBUG cache:45 - Loading template for "Extent.ftl"("en_US", UTF-8, parsed) from "jar:file:/C:/Users/vinay.mistry/.m2/repository/com/relevantcodes/extentreports/2.41.2/extentreports-2.41.2.jar!/com/relevantcodes/extentreports/view/Extent.ftl"
2025-04-09 12:26:37 DEBUG cache:45 - Couldn't find template in cache for "Extent.ftl"("en_US", UTF-8, parsed); will try to load it.
2025-04-09 12:26:37 DEBUG cache:45 - TemplateLoader.findTemplateSource("Extent_en_US.ftl"): Not found
2025-04-09 12:26:37 DEBUG cache:45 - TemplateLoader.findTemplateSource("Extent_en.ftl"): Not found
2025-04-09 12:26:37 DEBUG cache:45 - TemplateLoader.findTemplateSource("Extent.ftl"): Found
2025-04-09 12:26:37 DEBUG cache:45 - Loading template for "Extent.ftl"("en_US", UTF-8, parsed) from "jar:file:/C:/Users/vinay.mistry/.m2/repository/com/relevantcodes/extentreports/2.41.2/extentreports-2.41.2.jar!/com/relevantcodes/extentreports/view/Extent.ftl"
2025-04-09 12:26:37 DEBUG cache:45 - Couldn't find template in cache for "Extent.ftl"("en_US", UTF-8, parsed); will try to load it.
2025-04-09 12:26:37 DEBUG cache:45 - TemplateLoader.findTemplateSource("Extent_en_US.ftl"): Not found
2025-04-09 12:26:37 DEBUG cache:45 - TemplateLoader.findTemplateSource("Extent_en.ftl"): Not found
2025-04-09 12:26:37 DEBUG cache:45 - TemplateLoader.findTemplateSource("Extent.ftl"): Found
2025-04-09 12:26:37 DEBUG cache:45 - Loading template for "Extent.ftl"("en_US", UTF-8, parsed) from "jar:file:/C:/Users/vinay.mistry/.m2/repository/com/relevantcodes/extentreports/2.41.2/extentreports-2.41.2.jar!/com/relevantcodes/extentreports/view/Extent.ftl"
2025-04-09 12:53:05 DEBUG cache:45 - Couldn't find template in cache for "Extent.ftl"("en_US", UTF-8, parsed); will try to load it.
2025-04-09 12:53:05 DEBUG cache:45 - TemplateLoader.findTemplateSource("Extent_en_US.ftl"): Not found
2025-04-09 12:53:05 DEBUG cache:45 - TemplateLoader.findTemplateSource("Extent_en.ftl"): Not found
2025-04-09 12:53:05 DEBUG cache:45 - TemplateLoader.findTemplateSource("Extent.ftl"): Found
2025-04-09 12:53:05 DEBUG cache:45 - Loading template for "Extent.ftl"("en_US", UTF-8, parsed) from "jar:file:/C:/Users/vinay.mistry/.m2/repository/com/relevantcodes/extentreports/2.41.2/extentreports-2.41.2.jar!/com/relevantcodes/extentreports/view/Extent.ftl"
2025-04-09 12:53:06 DEBUG cache:45 - Couldn't find template in cache for "Extent.ftl"("en_US", UTF-8, parsed); will try to load it.
2025-04-09 12:53:06 DEBUG cache:45 - TemplateLoader.findTemplateSource("Extent_en_US.ftl"): Not found
2025-04-09 12:53:06 DEBUG cache:45 - TemplateLoader.findTemplateSource("Extent_en.ftl"): Not found
2025-04-09 12:53:06 DEBUG cache:45 - TemplateLoader.findTemplateSource("Extent.ftl"): Found
2025-04-09 12:53:06 DEBUG cache:45 - Loading template for "Extent.ftl"("en_US", UTF-8, parsed) from "jar:file:/C:/Users/vinay.mistry/.m2/repository/com/relevantcodes/extentreports/2.41.2/extentreports-2.41.2.jar!/com/relevantcodes/extentreports/view/Extent.ftl"
